

2024-12-03 21:38:42 - ERROR: Cannot add or update a child row: a foreign key constraint fails (`asturalquiler`.`concesionario`, CONSTRAINT `concesionario_ibfk_1` FOREIGN KEY (`codigo_ciudad`) REFERENCES `ciudad` (`codigo`) ON DELETE CASCADE ON UPDATE CASCADE)
2024-12-03 21:38:42 - ERROR: 	com.mysql.cj.jdbc.exceptions.SQLError.createSQLException(SQLError.java:118)
2024-12-03 21:38:42 - ERROR: 	com.mysql.cj.jdbc.exceptions.SQLExceptionsMapping.translateException(SQLExceptionsMapping.java:122)
2024-12-03 21:38:42 - ERROR: 	com.mysql.cj.jdbc.StatementImpl.executeUpdateInternal(StatementImpl.java:1335)
2024-12-03 21:38:42 - ERROR: 	com.mysql.cj.jdbc.StatementImpl.executeLargeUpdate(StatementImpl.java:2081)
2024-12-03 21:38:42 - ERROR: 	com.mysql.cj.jdbc.StatementImpl.executeUpdate(StatementImpl.java:1246)
2024-12-03 21:38:42 - ERROR: 	persistencia.GestorJDBC.crearConcesionario(GestorJDBC.java:118)
2024-12-03 21:38:42 - ERROR: 	logica.GestorConcesionarios.crearConcesionario(GestorConcesionarios.java:106)
2024-12-03 21:38:42 - ERROR: 	test.ConcesionarioLogicaTest.crearConcesionarioCiudadNoExistenteError(ConcesionarioLogicaTest.java:50)
2024-12-03 21:38:42 - ERROR: 	java.base/jdk.internal.reflect.DirectMethodHandleAccessor.invoke(DirectMethodHandleAccessor.java:103)
2024-12-03 21:38:42 - ERROR: 	java.base/java.lang.reflect.Method.invoke(Method.java:580)
2024-12-03 21:38:42 - ERROR: 	org.junit.platform.commons.util.ReflectionUtils.invokeMethod(ReflectionUtils.java:728)
2024-12-03 21:38:42 - ERROR: 	org.junit.jupiter.engine.execution.MethodInvocation.proceed(MethodInvocation.java:60)
2024-12-03 21:38:42 - ERROR: 	org.junit.jupiter.engine.execution.InvocationInterceptorChain$ValidatingInvocation.proceed(InvocationInterceptorChain.java:131)
2024-12-03 21:38:42 - ERROR: 	org.junit.jupiter.engine.extension.TimeoutExtension.intercept(TimeoutExtension.java:156)
2024-12-03 21:38:42 - ERROR: 	org.junit.jupiter.engine.extension.TimeoutExtension.interceptTestableMethod(TimeoutExtension.java:147)
2024-12-03 21:38:42 - ERROR: 	org.junit.jupiter.engine.extension.TimeoutExtension.interceptTestMethod(TimeoutExtension.java:86)
2024-12-03 21:38:42 - ERROR: 	org.junit.jupiter.engine.execution.InterceptingExecutableInvoker$ReflectiveInterceptorCall.lambda$ofVoidMethod$0(InterceptingExecutableInvoker.java:103)
2024-12-03 21:38:42 - ERROR: 	org.junit.jupiter.engine.execution.InterceptingExecutableInvoker.lambda$invoke$0(InterceptingExecutableInvoker.java:93)
2024-12-03 21:38:42 - ERROR: 	org.junit.jupiter.engine.execution.InvocationInterceptorChain$InterceptedInvocation.proceed(InvocationInterceptorChain.java:106)
2024-12-03 21:38:42 - ERROR: 	org.junit.jupiter.engine.execution.InvocationInterceptorChain.proceed(InvocationInterceptorChain.java:64)
2024-12-03 21:38:42 - ERROR: 	org.junit.jupiter.engine.execution.InvocationInterceptorChain.chainAndInvoke(InvocationInterceptorChain.java:45)
2024-12-03 21:38:42 - ERROR: 	org.junit.jupiter.engine.execution.InvocationInterceptorChain.invoke(InvocationInterceptorChain.java:37)
2024-12-03 21:38:42 - ERROR: 	org.junit.jupiter.engine.execution.InterceptingExecutableInvoker.invoke(InterceptingExecutableInvoker.java:92)
2024-12-03 21:38:42 - ERROR: 	org.junit.jupiter.engine.execution.InterceptingExecutableInvoker.invoke(InterceptingExecutableInvoker.java:86)
2024-12-03 21:38:42 - ERROR: 	org.junit.jupiter.engine.descriptor.TestMethodTestDescriptor.lambda$invokeTestMethod$7(TestMethodTestDescriptor.java:218)
2024-12-03 21:38:42 - ERROR: 	org.junit.platform.engine.support.hierarchical.ThrowableCollector.execute(ThrowableCollector.java:73)
2024-12-03 21:38:42 - ERROR: 	org.junit.jupiter.engine.descriptor.TestMethodTestDescriptor.invokeTestMethod(TestMethodTestDescriptor.java:214)
2024-12-03 21:38:42 - ERROR: 	org.junit.jupiter.engine.descriptor.TestMethodTestDescriptor.execute(TestMethodTestDescriptor.java:139)
2024-12-03 21:38:42 - ERROR: 	org.junit.jupiter.engine.descriptor.TestMethodTestDescriptor.execute(TestMethodTestDescriptor.java:69)
2024-12-03 21:38:42 - ERROR: 	org.junit.platform.engine.support.hierarchical.NodeTestTask.lambda$executeRecursively$6(NodeTestTask.java:151)
2024-12-03 21:38:42 - ERROR: 	org.junit.platform.engine.support.hierarchical.ThrowableCollector.execute(ThrowableCollector.java:73)
2024-12-03 21:38:42 - ERROR: 	org.junit.platform.engine.support.hierarchical.NodeTestTask.lambda$executeRecursively$8(NodeTestTask.java:141)
2024-12-03 21:38:42 - ERROR: 	org.junit.platform.engine.support.hierarchical.Node.around(Node.java:137)
2024-12-03 21:38:42 - ERROR: 	org.junit.platform.engine.support.hierarchical.NodeTestTask.lambda$executeRecursively$9(NodeTestTask.java:139)
2024-12-03 21:38:42 - ERROR: 	org.junit.platform.engine.support.hierarchical.ThrowableCollector.execute(ThrowableCollector.java:73)
2024-12-03 21:38:42 - ERROR: 	org.junit.platform.engine.support.hierarchical.NodeTestTask.executeRecursively(NodeTestTask.java:138)
2024-12-03 21:38:42 - ERROR: 	org.junit.platform.engine.support.hierarchical.NodeTestTask.execute(NodeTestTask.java:95)
2024-12-03 21:38:42 - ERROR: 	java.base/java.util.ArrayList.forEach(ArrayList.java:1597)
2024-12-03 21:38:42 - ERROR: 	org.junit.platform.engine.support.hierarchical.SameThreadHierarchicalTestExecutorService.invokeAll(SameThreadHierarchicalTestExecutorService.java:41)
2024-12-03 21:38:42 - ERROR: 	org.junit.platform.engine.support.hierarchical.NodeTestTask.lambda$executeRecursively$6(NodeTestTask.java:155)
2024-12-03 21:38:42 - ERROR: 	org.junit.platform.engine.support.hierarchical.ThrowableCollector.execute(ThrowableCollector.java:73)
2024-12-03 21:38:42 - ERROR: 	org.junit.platform.engine.support.hierarchical.NodeTestTask.lambda$executeRecursively$8(NodeTestTask.java:141)
2024-12-03 21:38:42 - ERROR: 	org.junit.platform.engine.support.hierarchical.Node.around(Node.java:137)
2024-12-03 21:38:42 - ERROR: 	org.junit.platform.engine.support.hierarchical.NodeTestTask.lambda$executeRecursively$9(NodeTestTask.java:139)
2024-12-03 21:38:42 - ERROR: 	org.junit.platform.engine.support.hierarchical.ThrowableCollector.execute(ThrowableCollector.java:73)
2024-12-03 21:38:42 - ERROR: 	org.junit.platform.engine.support.hierarchical.NodeTestTask.executeRecursively(NodeTestTask.java:138)
2024-12-03 21:38:42 - ERROR: 	org.junit.platform.engine.support.hierarchical.NodeTestTask.execute(NodeTestTask.java:95)
2024-12-03 21:38:42 - ERROR: 	java.base/java.util.ArrayList.forEach(ArrayList.java:1597)
2024-12-03 21:38:42 - ERROR: 	org.junit.platform.engine.support.hierarchical.SameThreadHierarchicalTestExecutorService.invokeAll(SameThreadHierarchicalTestExecutorService.java:41)
2024-12-03 21:38:42 - ERROR: 	org.junit.platform.engine.support.hierarchical.NodeTestTask.lambda$executeRecursively$6(NodeTestTask.java:155)
2024-12-03 21:38:42 - ERROR: 	org.junit.platform.engine.support.hierarchical.ThrowableCollector.execute(ThrowableCollector.java:73)
2024-12-03 21:38:42 - ERROR: 	org.junit.platform.engine.support.hierarchical.NodeTestTask.lambda$executeRecursively$8(NodeTestTask.java:141)
2024-12-03 21:38:42 - ERROR: 	org.junit.platform.engine.support.hierarchical.Node.around(Node.java:137)
2024-12-03 21:38:42 - ERROR: 	org.junit.platform.engine.support.hierarchical.NodeTestTask.lambda$executeRecursively$9(NodeTestTask.java:139)
2024-12-03 21:38:42 - ERROR: 	org.junit.platform.engine.support.hierarchical.ThrowableCollector.execute(ThrowableCollector.java:73)
2024-12-03 21:38:42 - ERROR: 	org.junit.platform.engine.support.hierarchical.NodeTestTask.executeRecursively(NodeTestTask.java:138)
2024-12-03 21:38:42 - ERROR: 	org.junit.platform.engine.support.hierarchical.NodeTestTask.execute(NodeTestTask.java:95)
2024-12-03 21:38:42 - ERROR: 	org.junit.platform.engine.support.hierarchical.SameThreadHierarchicalTestExecutorService.submit(SameThreadHierarchicalTestExecutorService.java:35)
2024-12-03 21:38:42 - ERROR: 	org.junit.platform.engine.support.hierarchical.HierarchicalTestExecutor.execute(HierarchicalTestExecutor.java:57)
2024-12-03 21:38:42 - ERROR: 	org.junit.platform.engine.support.hierarchical.HierarchicalTestEngine.execute(HierarchicalTestEngine.java:54)
2024-12-03 21:38:42 - ERROR: 	org.junit.platform.launcher.core.EngineExecutionOrchestrator.execute(EngineExecutionOrchestrator.java:198)
2024-12-03 21:38:42 - ERROR: 	org.junit.platform.launcher.core.EngineExecutionOrchestrator.execute(EngineExecutionOrchestrator.java:169)
2024-12-03 21:38:42 - ERROR: 	org.junit.platform.launcher.core.EngineExecutionOrchestrator.execute(EngineExecutionOrchestrator.java:93)
2024-12-03 21:38:42 - ERROR: 	org.junit.platform.launcher.core.EngineExecutionOrchestrator.lambda$execute$0(EngineExecutionOrchestrator.java:58)
2024-12-03 21:38:42 - ERROR: 	org.junit.platform.launcher.core.EngineExecutionOrchestrator.withInterceptedStreams(EngineExecutionOrchestrator.java:141)
2024-12-03 21:38:42 - ERROR: 	org.junit.platform.launcher.core.EngineExecutionOrchestrator.execute(EngineExecutionOrchestrator.java:57)
2024-12-03 21:38:42 - ERROR: 	org.junit.platform.launcher.core.DefaultLauncher.execute(DefaultLauncher.java:103)
2024-12-03 21:38:42 - ERROR: 	org.junit.platform.launcher.core.DefaultLauncher.execute(DefaultLauncher.java:94)
2024-12-03 21:38:42 - ERROR: 	org.junit.platform.launcher.core.DelegatingLauncher.execute(DelegatingLauncher.java:52)
2024-12-03 21:38:42 - ERROR: 	org.junit.platform.launcher.core.SessionPerRequestLauncher.execute(SessionPerRequestLauncher.java:70)
2024-12-03 21:38:42 - ERROR: 	org.eclipse.jdt.internal.junit5.runner.JUnit5TestReference.run(JUnit5TestReference.java:100)
2024-12-03 21:38:42 - ERROR: 	org.eclipse.jdt.internal.junit.runner.TestExecution.run(TestExecution.java:40)
2024-12-03 21:38:42 - ERROR: 	org.eclipse.jdt.internal.junit.runner.RemoteTestRunner.runTests(RemoteTestRunner.java:529)
2024-12-03 21:38:42 - ERROR: 	org.eclipse.jdt.internal.junit.runner.RemoteTestRunner.runTests(RemoteTestRunner.java:757)
2024-12-03 21:38:42 - ERROR: 	org.eclipse.jdt.internal.junit.runner.RemoteTestRunner.run(RemoteTestRunner.java:452)
2024-12-03 21:38:42 - ERROR: 	org.eclipse.jdt.internal.junit.runner.RemoteTestRunner.main(RemoteTestRunner.java:210)
2024-12-03 21:39:35 - ERROR: Cannot drop table 'ciudad' referenced by a foreign key constraint 'concesionario_ibfk_1' on table 'concesionario'.
2024-12-03 21:39:35 - ERROR: 	com.mysql.cj.jdbc.exceptions.SQLError.createSQLException(SQLError.java:130)
2024-12-03 21:39:35 - ERROR: 	com.mysql.cj.jdbc.exceptions.SQLExceptionsMapping.translateException(SQLExceptionsMapping.java:122)
2024-12-03 21:39:35 - ERROR: 	com.mysql.cj.jdbc.StatementImpl.executeInternal(StatementImpl.java:767)
2024-12-03 21:39:35 - ERROR: 	com.mysql.cj.jdbc.StatementImpl.execute(StatementImpl.java:652)
2024-12-03 21:39:35 - ERROR: 	persistencia.ConexionJDBC.crearBD(ConexionJDBC.java:80)
2024-12-03 21:39:35 - ERROR: 	interfaz.Inicio.iniciarBD(Inicio.java:392)
2024-12-03 21:39:35 - ERROR: 	interfaz.Inicio.main(Inicio.java:44)
2024-12-03 21:39:47 - ERROR: Cannot add or update a child row: a foreign key constraint fails (`asturalquiler`.`concesionario`, CONSTRAINT `concesionario_ibfk_1` FOREIGN KEY (`codigo_ciudad`) REFERENCES `ciudad` (`codigo`) ON DELETE CASCADE ON UPDATE CASCADE)
2024-12-03 21:39:47 - ERROR: 	com.mysql.cj.jdbc.exceptions.SQLError.createSQLException(SQLError.java:118)
2024-12-03 21:39:47 - ERROR: 	com.mysql.cj.jdbc.exceptions.SQLExceptionsMapping.translateException(SQLExceptionsMapping.java:122)
2024-12-03 21:39:47 - ERROR: 	com.mysql.cj.jdbc.StatementImpl.executeUpdateInternal(StatementImpl.java:1335)
2024-12-03 21:39:47 - ERROR: 	com.mysql.cj.jdbc.StatementImpl.executeLargeUpdate(StatementImpl.java:2081)
2024-12-03 21:39:47 - ERROR: 	com.mysql.cj.jdbc.StatementImpl.executeUpdate(StatementImpl.java:1246)
2024-12-03 21:39:47 - ERROR: 	persistencia.GestorJDBC.crearConcesionario(GestorJDBC.java:118)
2024-12-03 21:39:47 - ERROR: 	logica.GestorConcesionarios.crearConcesionario(GestorConcesionarios.java:106)
2024-12-03 21:39:47 - ERROR: 	interfaz.Inicio.crearConcesionario(Inicio.java:296)
2024-12-03 21:39:47 - ERROR: 	interfaz.Inicio.menuConcesionario(Inicio.java:224)
2024-12-03 21:39:47 - ERROR: 	interfaz.Inicio.mostrarMenuInicio(Inicio.java:81)
2024-12-03 21:39:47 - ERROR: 	interfaz.Inicio.main(Inicio.java:46)
2024-12-03 21:39:47 - ERROR: Se ha producido un error inesperado
2024-12-03 21:39:47 - ERROR: 	interfaz.Inicio.crearConcesionario(Inicio.java:297)
2024-12-03 21:39:47 - ERROR: 	interfaz.Inicio.menuConcesionario(Inicio.java:224)
2024-12-03 21:39:47 - ERROR: 	interfaz.Inicio.mostrarMenuInicio(Inicio.java:81)
2024-12-03 21:39:47 - ERROR: 	interfaz.Inicio.main(Inicio.java:46)
2024-12-03 21:41:10 - ERROR: Cannot add or update a child row: a foreign key constraint fails (`asturalquiler`.`concesionario`, CONSTRAINT `concesionario_ibfk_1` FOREIGN KEY (`codigo_ciudad`) REFERENCES `ciudad` (`codigo`) ON DELETE CASCADE ON UPDATE CASCADE)
2024-12-03 21:41:10 - ERROR: 	com.mysql.cj.jdbc.exceptions.SQLError.createSQLException(SQLError.java:118)
2024-12-03 21:41:10 - ERROR: 	com.mysql.cj.jdbc.exceptions.SQLExceptionsMapping.translateException(SQLExceptionsMapping.java:122)
2024-12-03 21:41:10 - ERROR: 	com.mysql.cj.jdbc.StatementImpl.executeUpdateInternal(StatementImpl.java:1335)
2024-12-03 21:41:10 - ERROR: 	com.mysql.cj.jdbc.StatementImpl.executeLargeUpdate(StatementImpl.java:2081)
2024-12-03 21:41:10 - ERROR: 	com.mysql.cj.jdbc.StatementImpl.executeUpdate(StatementImpl.java:1246)
2024-12-03 21:41:10 - ERROR: 	persistencia.GestorJDBC.crearConcesionario(GestorJDBC.java:118)
2024-12-03 21:41:10 - ERROR: 	logica.GestorConcesionarios.crearConcesionario(GestorConcesionarios.java:106)
2024-12-03 21:41:10 - ERROR: 	test.ConcesionarioLogicaTest.crearConcesionarioParamtrosVacios(ConcesionarioLogicaTest.java:63)
2024-12-03 21:41:10 - ERROR: 	java.base/jdk.internal.reflect.DirectMethodHandleAccessor.invoke(DirectMethodHandleAccessor.java:103)
2024-12-03 21:41:10 - ERROR: 	java.base/java.lang.reflect.Method.invoke(Method.java:580)
2024-12-03 21:41:10 - ERROR: 	org.junit.platform.commons.util.ReflectionUtils.invokeMethod(ReflectionUtils.java:728)
2024-12-03 21:41:10 - ERROR: 	org.junit.jupiter.engine.execution.MethodInvocation.proceed(MethodInvocation.java:60)
2024-12-03 21:41:10 - ERROR: 	org.junit.jupiter.engine.execution.InvocationInterceptorChain$ValidatingInvocation.proceed(InvocationInterceptorChain.java:131)
2024-12-03 21:41:10 - ERROR: 	org.junit.jupiter.engine.extension.TimeoutExtension.intercept(TimeoutExtension.java:156)
2024-12-03 21:41:10 - ERROR: 	org.junit.jupiter.engine.extension.TimeoutExtension.interceptTestableMethod(TimeoutExtension.java:147)
2024-12-03 21:41:10 - ERROR: 	org.junit.jupiter.engine.extension.TimeoutExtension.interceptTestMethod(TimeoutExtension.java:86)
2024-12-03 21:41:10 - ERROR: 	org.junit.jupiter.engine.execution.InterceptingExecutableInvoker$ReflectiveInterceptorCall.lambda$ofVoidMethod$0(InterceptingExecutableInvoker.java:103)
2024-12-03 21:41:10 - ERROR: 	org.junit.jupiter.engine.execution.InterceptingExecutableInvoker.lambda$invoke$0(InterceptingExecutableInvoker.java:93)
2024-12-03 21:41:10 - ERROR: 	org.junit.jupiter.engine.execution.InvocationInterceptorChain$InterceptedInvocation.proceed(InvocationInterceptorChain.java:106)
2024-12-03 21:41:10 - ERROR: 	org.junit.jupiter.engine.execution.InvocationInterceptorChain.proceed(InvocationInterceptorChain.java:64)
2024-12-03 21:41:10 - ERROR: 	org.junit.jupiter.engine.execution.InvocationInterceptorChain.chainAndInvoke(InvocationInterceptorChain.java:45)
2024-12-03 21:41:10 - ERROR: 	org.junit.jupiter.engine.execution.InvocationInterceptorChain.invoke(InvocationInterceptorChain.java:37)
2024-12-03 21:41:10 - ERROR: 	org.junit.jupiter.engine.execution.InterceptingExecutableInvoker.invoke(InterceptingExecutableInvoker.java:92)
2024-12-03 21:41:10 - ERROR: 	org.junit.jupiter.engine.execution.InterceptingExecutableInvoker.invoke(InterceptingExecutableInvoker.java:86)
2024-12-03 21:41:10 - ERROR: 	org.junit.jupiter.engine.descriptor.TestMethodTestDescriptor.lambda$invokeTestMethod$7(TestMethodTestDescriptor.java:218)
2024-12-03 21:41:10 - ERROR: 	org.junit.platform.engine.support.hierarchical.ThrowableCollector.execute(ThrowableCollector.java:73)
2024-12-03 21:41:10 - ERROR: 	org.junit.jupiter.engine.descriptor.TestMethodTestDescriptor.invokeTestMethod(TestMethodTestDescriptor.java:214)
2024-12-03 21:41:10 - ERROR: 	org.junit.jupiter.engine.descriptor.TestMethodTestDescriptor.execute(TestMethodTestDescriptor.java:139)
2024-12-03 21:41:10 - ERROR: 	org.junit.jupiter.engine.descriptor.TestMethodTestDescriptor.execute(TestMethodTestDescriptor.java:69)
2024-12-03 21:41:10 - ERROR: 	org.junit.platform.engine.support.hierarchical.NodeTestTask.lambda$executeRecursively$6(NodeTestTask.java:151)
2024-12-03 21:41:10 - ERROR: 	org.junit.platform.engine.support.hierarchical.ThrowableCollector.execute(ThrowableCollector.java:73)
2024-12-03 21:41:10 - ERROR: 	org.junit.platform.engine.support.hierarchical.NodeTestTask.lambda$executeRecursively$8(NodeTestTask.java:141)
2024-12-03 21:41:10 - ERROR: 	org.junit.platform.engine.support.hierarchical.Node.around(Node.java:137)
2024-12-03 21:41:10 - ERROR: 	org.junit.platform.engine.support.hierarchical.NodeTestTask.lambda$executeRecursively$9(NodeTestTask.java:139)
2024-12-03 21:41:10 - ERROR: 	org.junit.platform.engine.support.hierarchical.ThrowableCollector.execute(ThrowableCollector.java:73)
2024-12-03 21:41:10 - ERROR: 	org.junit.platform.engine.support.hierarchical.NodeTestTask.executeRecursively(NodeTestTask.java:138)
2024-12-03 21:41:10 - ERROR: 	org.junit.platform.engine.support.hierarchical.NodeTestTask.execute(NodeTestTask.java:95)
2024-12-03 21:41:10 - ERROR: 	java.base/java.util.ArrayList.forEach(ArrayList.java:1597)
2024-12-03 21:41:10 - ERROR: 	org.junit.platform.engine.support.hierarchical.SameThreadHierarchicalTestExecutorService.invokeAll(SameThreadHierarchicalTestExecutorService.java:41)
2024-12-03 21:41:10 - ERROR: 	org.junit.platform.engine.support.hierarchical.NodeTestTask.lambda$executeRecursively$6(NodeTestTask.java:155)
2024-12-03 21:41:10 - ERROR: 	org.junit.platform.engine.support.hierarchical.ThrowableCollector.execute(ThrowableCollector.java:73)
2024-12-03 21:41:10 - ERROR: 	org.junit.platform.engine.support.hierarchical.NodeTestTask.lambda$executeRecursively$8(NodeTestTask.java:141)
2024-12-03 21:41:10 - ERROR: 	org.junit.platform.engine.support.hierarchical.Node.around(Node.java:137)
2024-12-03 21:41:10 - ERROR: 	org.junit.platform.engine.support.hierarchical.NodeTestTask.lambda$executeRecursively$9(NodeTestTask.java:139)
2024-12-03 21:41:10 - ERROR: 	org.junit.platform.engine.support.hierarchical.ThrowableCollector.execute(ThrowableCollector.java:73)
2024-12-03 21:41:10 - ERROR: 	org.junit.platform.engine.support.hierarchical.NodeTestTask.executeRecursively(NodeTestTask.java:138)
2024-12-03 21:41:10 - ERROR: 	org.junit.platform.engine.support.hierarchical.NodeTestTask.execute(NodeTestTask.java:95)
2024-12-03 21:41:10 - ERROR: 	java.base/java.util.ArrayList.forEach(ArrayList.java:1597)
2024-12-03 21:41:10 - ERROR: 	org.junit.platform.engine.support.hierarchical.SameThreadHierarchicalTestExecutorService.invokeAll(SameThreadHierarchicalTestExecutorService.java:41)
2024-12-03 21:41:10 - ERROR: 	org.junit.platform.engine.support.hierarchical.NodeTestTask.lambda$executeRecursively$6(NodeTestTask.java:155)
2024-12-03 21:41:10 - ERROR: 	org.junit.platform.engine.support.hierarchical.ThrowableCollector.execute(ThrowableCollector.java:73)
2024-12-03 21:41:10 - ERROR: 	org.junit.platform.engine.support.hierarchical.NodeTestTask.lambda$executeRecursively$8(NodeTestTask.java:141)
2024-12-03 21:41:10 - ERROR: 	org.junit.platform.engine.support.hierarchical.Node.around(Node.java:137)
2024-12-03 21:41:10 - ERROR: 	org.junit.platform.engine.support.hierarchical.NodeTestTask.lambda$executeRecursively$9(NodeTestTask.java:139)
2024-12-03 21:41:10 - ERROR: 	org.junit.platform.engine.support.hierarchical.ThrowableCollector.execute(ThrowableCollector.java:73)
2024-12-03 21:41:10 - ERROR: 	org.junit.platform.engine.support.hierarchical.NodeTestTask.executeRecursively(NodeTestTask.java:138)
2024-12-03 21:41:10 - ERROR: 	org.junit.platform.engine.support.hierarchical.NodeTestTask.execute(NodeTestTask.java:95)
2024-12-03 21:41:10 - ERROR: 	org.junit.platform.engine.support.hierarchical.SameThreadHierarchicalTestExecutorService.submit(SameThreadHierarchicalTestExecutorService.java:35)
2024-12-03 21:41:10 - ERROR: 	org.junit.platform.engine.support.hierarchical.HierarchicalTestExecutor.execute(HierarchicalTestExecutor.java:57)
2024-12-03 21:41:10 - ERROR: 	org.junit.platform.engine.support.hierarchical.HierarchicalTestEngine.execute(HierarchicalTestEngine.java:54)
2024-12-03 21:41:10 - ERROR: 	org.junit.platform.launcher.core.EngineExecutionOrchestrator.execute(EngineExecutionOrchestrator.java:198)
2024-12-03 21:41:10 - ERROR: 	org.junit.platform.launcher.core.EngineExecutionOrchestrator.execute(EngineExecutionOrchestrator.java:169)
2024-12-03 21:41:10 - ERROR: 	org.junit.platform.launcher.core.EngineExecutionOrchestrator.execute(EngineExecutionOrchestrator.java:93)
2024-12-03 21:41:10 - ERROR: 	org.junit.platform.launcher.core.EngineExecutionOrchestrator.lambda$execute$0(EngineExecutionOrchestrator.java:58)
2024-12-03 21:41:10 - ERROR: 	org.junit.platform.launcher.core.EngineExecutionOrchestrator.withInterceptedStreams(EngineExecutionOrchestrator.java:141)
2024-12-03 21:41:10 - ERROR: 	org.junit.platform.launcher.core.EngineExecutionOrchestrator.execute(EngineExecutionOrchestrator.java:57)
2024-12-03 21:41:10 - ERROR: 	org.junit.platform.launcher.core.DefaultLauncher.execute(DefaultLauncher.java:103)
2024-12-03 21:41:10 - ERROR: 	org.junit.platform.launcher.core.DefaultLauncher.execute(DefaultLauncher.java:94)
2024-12-03 21:41:10 - ERROR: 	org.junit.platform.launcher.core.DelegatingLauncher.execute(DelegatingLauncher.java:52)
2024-12-03 21:41:10 - ERROR: 	org.junit.platform.launcher.core.SessionPerRequestLauncher.execute(SessionPerRequestLauncher.java:70)
2024-12-03 21:41:10 - ERROR: 	org.eclipse.jdt.internal.junit5.runner.JUnit5TestReference.run(JUnit5TestReference.java:100)
2024-12-03 21:41:10 - ERROR: 	org.eclipse.jdt.internal.junit.runner.TestExecution.run(TestExecution.java:40)
2024-12-03 21:41:10 - ERROR: 	org.eclipse.jdt.internal.junit.runner.RemoteTestRunner.runTests(RemoteTestRunner.java:529)
2024-12-03 21:41:10 - ERROR: 	org.eclipse.jdt.internal.junit.runner.RemoteTestRunner.runTests(RemoteTestRunner.java:757)
2024-12-03 21:41:10 - ERROR: 	org.eclipse.jdt.internal.junit.runner.RemoteTestRunner.run(RemoteTestRunner.java:452)
2024-12-03 21:41:10 - ERROR: 	org.eclipse.jdt.internal.junit.runner.RemoteTestRunner.main(RemoteTestRunner.java:210)
2024-12-03 21:41:10 - ERROR: Cannot add or update a child row: a foreign key constraint fails (`asturalquiler`.`concesionario`, CONSTRAINT `concesionario_ibfk_1` FOREIGN KEY (`codigo_ciudad`) REFERENCES `ciudad` (`codigo`) ON DELETE CASCADE ON UPDATE CASCADE)
2024-12-03 21:41:10 - ERROR: 	com.mysql.cj.jdbc.exceptions.SQLError.createSQLException(SQLError.java:118)
2024-12-03 21:41:10 - ERROR: 	com.mysql.cj.jdbc.exceptions.SQLExceptionsMapping.translateException(SQLExceptionsMapping.java:122)
2024-12-03 21:41:10 - ERROR: 	com.mysql.cj.jdbc.StatementImpl.executeUpdateInternal(StatementImpl.java:1335)
2024-12-03 21:41:10 - ERROR: 	com.mysql.cj.jdbc.StatementImpl.executeLargeUpdate(StatementImpl.java:2081)
2024-12-03 21:41:10 - ERROR: 	com.mysql.cj.jdbc.StatementImpl.executeUpdate(StatementImpl.java:1246)
2024-12-03 21:41:10 - ERROR: 	persistencia.GestorJDBC.crearConcesionario(GestorJDBC.java:118)
2024-12-03 21:41:10 - ERROR: 	logica.GestorConcesionarios.crearConcesionario(GestorConcesionarios.java:106)
2024-12-03 21:41:10 - ERROR: 	test.ConcesionarioLogicaTest.crearConcesionarioCiudadNoExistenteError(ConcesionarioLogicaTest.java:50)
2024-12-03 21:41:10 - ERROR: 	java.base/jdk.internal.reflect.DirectMethodHandleAccessor.invoke(DirectMethodHandleAccessor.java:103)
2024-12-03 21:41:10 - ERROR: 	java.base/java.lang.reflect.Method.invoke(Method.java:580)
2024-12-03 21:41:10 - ERROR: 	org.junit.platform.commons.util.ReflectionUtils.invokeMethod(ReflectionUtils.java:728)
2024-12-03 21:41:10 - ERROR: 	org.junit.jupiter.engine.execution.MethodInvocation.proceed(MethodInvocation.java:60)
2024-12-03 21:41:10 - ERROR: 	org.junit.jupiter.engine.execution.InvocationInterceptorChain$ValidatingInvocation.proceed(InvocationInterceptorChain.java:131)
2024-12-03 21:41:10 - ERROR: 	org.junit.jupiter.engine.extension.TimeoutExtension.intercept(TimeoutExtension.java:156)
2024-12-03 21:41:10 - ERROR: 	org.junit.jupiter.engine.extension.TimeoutExtension.interceptTestableMethod(TimeoutExtension.java:147)
2024-12-03 21:41:10 - ERROR: 	org.junit.jupiter.engine.extension.TimeoutExtension.interceptTestMethod(TimeoutExtension.java:86)
2024-12-03 21:41:10 - ERROR: 	org.junit.jupiter.engine.execution.InterceptingExecutableInvoker$ReflectiveInterceptorCall.lambda$ofVoidMethod$0(InterceptingExecutableInvoker.java:103)
2024-12-03 21:41:10 - ERROR: 	org.junit.jupiter.engine.execution.InterceptingExecutableInvoker.lambda$invoke$0(InterceptingExecutableInvoker.java:93)
2024-12-03 21:41:10 - ERROR: 	org.junit.jupiter.engine.execution.InvocationInterceptorChain$InterceptedInvocation.proceed(InvocationInterceptorChain.java:106)
2024-12-03 21:41:10 - ERROR: 	org.junit.jupiter.engine.execution.InvocationInterceptorChain.proceed(InvocationInterceptorChain.java:64)
2024-12-03 21:41:10 - ERROR: 	org.junit.jupiter.engine.execution.InvocationInterceptorChain.chainAndInvoke(InvocationInterceptorChain.java:45)
2024-12-03 21:41:10 - ERROR: 	org.junit.jupiter.engine.execution.InvocationInterceptorChain.invoke(InvocationInterceptorChain.java:37)
2024-12-03 21:41:10 - ERROR: 	org.junit.jupiter.engine.execution.InterceptingExecutableInvoker.invoke(InterceptingExecutableInvoker.java:92)
2024-12-03 21:41:10 - ERROR: 	org.junit.jupiter.engine.execution.InterceptingExecutableInvoker.invoke(InterceptingExecutableInvoker.java:86)
2024-12-03 21:41:10 - ERROR: 	org.junit.jupiter.engine.descriptor.TestMethodTestDescriptor.lambda$invokeTestMethod$7(TestMethodTestDescriptor.java:218)
2024-12-03 21:41:10 - ERROR: 	org.junit.platform.engine.support.hierarchical.ThrowableCollector.execute(ThrowableCollector.java:73)
2024-12-03 21:41:10 - ERROR: 	org.junit.jupiter.engine.descriptor.TestMethodTestDescriptor.invokeTestMethod(TestMethodTestDescriptor.java:214)
2024-12-03 21:41:10 - ERROR: 	org.junit.jupiter.engine.descriptor.TestMethodTestDescriptor.execute(TestMethodTestDescriptor.java:139)
2024-12-03 21:41:10 - ERROR: 	org.junit.jupiter.engine.descriptor.TestMethodTestDescriptor.execute(TestMethodTestDescriptor.java:69)
2024-12-03 21:41:10 - ERROR: 	org.junit.platform.engine.support.hierarchical.NodeTestTask.lambda$executeRecursively$6(NodeTestTask.java:151)
2024-12-03 21:41:10 - ERROR: 	org.junit.platform.engine.support.hierarchical.ThrowableCollector.execute(ThrowableCollector.java:73)
2024-12-03 21:41:10 - ERROR: 	org.junit.platform.engine.support.hierarchical.NodeTestTask.lambda$executeRecursively$8(NodeTestTask.java:141)
2024-12-03 21:41:10 - ERROR: 	org.junit.platform.engine.support.hierarchical.Node.around(Node.java:137)
2024-12-03 21:41:10 - ERROR: 	org.junit.platform.engine.support.hierarchical.NodeTestTask.lambda$executeRecursively$9(NodeTestTask.java:139)
2024-12-03 21:41:10 - ERROR: 	org.junit.platform.engine.support.hierarchical.ThrowableCollector.execute(ThrowableCollector.java:73)
2024-12-03 21:41:10 - ERROR: 	org.junit.platform.engine.support.hierarchical.NodeTestTask.executeRecursively(NodeTestTask.java:138)
2024-12-03 21:41:10 - ERROR: 	org.junit.platform.engine.support.hierarchical.NodeTestTask.execute(NodeTestTask.java:95)
2024-12-03 21:41:10 - ERROR: 	java.base/java.util.ArrayList.forEach(ArrayList.java:1597)
2024-12-03 21:41:10 - ERROR: 	org.junit.platform.engine.support.hierarchical.SameThreadHierarchicalTestExecutorService.invokeAll(SameThreadHierarchicalTestExecutorService.java:41)
2024-12-03 21:41:10 - ERROR: 	org.junit.platform.engine.support.hierarchical.NodeTestTask.lambda$executeRecursively$6(NodeTestTask.java:155)
2024-12-03 21:41:10 - ERROR: 	org.junit.platform.engine.support.hierarchical.ThrowableCollector.execute(ThrowableCollector.java:73)
2024-12-03 21:41:10 - ERROR: 	org.junit.platform.engine.support.hierarchical.NodeTestTask.lambda$executeRecursively$8(NodeTestTask.java:141)
2024-12-03 21:41:10 - ERROR: 	org.junit.platform.engine.support.hierarchical.Node.around(Node.java:137)
2024-12-03 21:41:10 - ERROR: 	org.junit.platform.engine.support.hierarchical.NodeTestTask.lambda$executeRecursively$9(NodeTestTask.java:139)
2024-12-03 21:41:10 - ERROR: 	org.junit.platform.engine.support.hierarchical.ThrowableCollector.execute(ThrowableCollector.java:73)
2024-12-03 21:41:10 - ERROR: 	org.junit.platform.engine.support.hierarchical.NodeTestTask.executeRecursively(NodeTestTask.java:138)
2024-12-03 21:41:10 - ERROR: 	org.junit.platform.engine.support.hierarchical.NodeTestTask.execute(NodeTestTask.java:95)
2024-12-03 21:41:10 - ERROR: 	java.base/java.util.ArrayList.forEach(ArrayList.java:1597)
2024-12-03 21:41:10 - ERROR: 	org.junit.platform.engine.support.hierarchical.SameThreadHierarchicalTestExecutorService.invokeAll(SameThreadHierarchicalTestExecutorService.java:41)
2024-12-03 21:41:10 - ERROR: 	org.junit.platform.engine.support.hierarchical.NodeTestTask.lambda$executeRecursively$6(NodeTestTask.java:155)
2024-12-03 21:41:10 - ERROR: 	org.junit.platform.engine.support.hierarchical.ThrowableCollector.execute(ThrowableCollector.java:73)
2024-12-03 21:41:10 - ERROR: 	org.junit.platform.engine.support.hierarchical.NodeTestTask.lambda$executeRecursively$8(NodeTestTask.java:141)
2024-12-03 21:41:10 - ERROR: 	org.junit.platform.engine.support.hierarchical.Node.around(Node.java:137)
2024-12-03 21:41:10 - ERROR: 	org.junit.platform.engine.support.hierarchical.NodeTestTask.lambda$executeRecursively$9(NodeTestTask.java:139)
2024-12-03 21:41:10 - ERROR: 	org.junit.platform.engine.support.hierarchical.ThrowableCollector.execute(ThrowableCollector.java:73)
2024-12-03 21:41:10 - ERROR: 	org.junit.platform.engine.support.hierarchical.NodeTestTask.executeRecursively(NodeTestTask.java:138)
2024-12-03 21:41:10 - ERROR: 	org.junit.platform.engine.support.hierarchical.NodeTestTask.execute(NodeTestTask.java:95)
2024-12-03 21:41:10 - ERROR: 	org.junit.platform.engine.support.hierarchical.SameThreadHierarchicalTestExecutorService.submit(SameThreadHierarchicalTestExecutorService.java:35)
2024-12-03 21:41:10 - ERROR: 	org.junit.platform.engine.support.hierarchical.HierarchicalTestExecutor.execute(HierarchicalTestExecutor.java:57)
2024-12-03 21:41:10 - ERROR: 	org.junit.platform.engine.support.hierarchical.HierarchicalTestEngine.execute(HierarchicalTestEngine.java:54)
2024-12-03 21:41:10 - ERROR: 	org.junit.platform.launcher.core.EngineExecutionOrchestrator.execute(EngineExecutionOrchestrator.java:198)
2024-12-03 21:41:10 - ERROR: 	org.junit.platform.launcher.core.EngineExecutionOrchestrator.execute(EngineExecutionOrchestrator.java:169)
2024-12-03 21:41:10 - ERROR: 	org.junit.platform.launcher.core.EngineExecutionOrchestrator.execute(EngineExecutionOrchestrator.java:93)
2024-12-03 21:41:10 - ERROR: 	org.junit.platform.launcher.core.EngineExecutionOrchestrator.lambda$execute$0(EngineExecutionOrchestrator.java:58)
2024-12-03 21:41:10 - ERROR: 	org.junit.platform.launcher.core.EngineExecutionOrchestrator.withInterceptedStreams(EngineExecutionOrchestrator.java:141)
2024-12-03 21:41:10 - ERROR: 	org.junit.platform.launcher.core.EngineExecutionOrchestrator.execute(EngineExecutionOrchestrator.java:57)
2024-12-03 21:41:10 - ERROR: 	org.junit.platform.launcher.core.DefaultLauncher.execute(DefaultLauncher.java:103)
2024-12-03 21:41:10 - ERROR: 	org.junit.platform.launcher.core.DefaultLauncher.execute(DefaultLauncher.java:94)
2024-12-03 21:41:10 - ERROR: 	org.junit.platform.launcher.core.DelegatingLauncher.execute(DelegatingLauncher.java:52)
2024-12-03 21:41:10 - ERROR: 	org.junit.platform.launcher.core.SessionPerRequestLauncher.execute(SessionPerRequestLauncher.java:70)
2024-12-03 21:41:10 - ERROR: 	org.eclipse.jdt.internal.junit5.runner.JUnit5TestReference.run(JUnit5TestReference.java:100)
2024-12-03 21:41:10 - ERROR: 	org.eclipse.jdt.internal.junit.runner.TestExecution.run(TestExecution.java:40)
2024-12-03 21:41:10 - ERROR: 	org.eclipse.jdt.internal.junit.runner.RemoteTestRunner.runTests(RemoteTestRunner.java:529)
2024-12-03 21:41:10 - ERROR: 	org.eclipse.jdt.internal.junit.runner.RemoteTestRunner.runTests(RemoteTestRunner.java:757)
2024-12-03 21:41:10 - ERROR: 	org.eclipse.jdt.internal.junit.runner.RemoteTestRunner.run(RemoteTestRunner.java:452)
2024-12-03 21:41:10 - ERROR: 	org.eclipse.jdt.internal.junit.runner.RemoteTestRunner.main(RemoteTestRunner.java:210)
